<?xml version="1.0" encoding="UTF-8"?>
<!-- Generated by org.testng.reporters.JUnitReportReporter -->
<testsuite skipped="0" hostname="NavaTeja-PC" name="WebDriverTestScript.WDLogInLogOut" tests="1" failures="0" timestamp="27 Jan 2019 07:29:51 GMT" time="1.973" errors="0">
  <testcase name="testWDLoginLogout" time="1.973" classname="WebDriverTestScript.WDLogInLogOut"/>
</testsuite> <!-- WebDriverTestScript.WDLogInLogOut -->
