<?xml version="1.0" encoding="UTF-8"?>
<!-- Generated by org.testng.reporters.JUnitReportReporter -->
<testsuite skipped="0" hostname="NavaTeja-PC" name="TestNG.PriorityEecution" tests="3" failures="0" timestamp="01 Feb 2019 05:59:42 GMT" time="0.020" errors="0">
  <testcase name="testPriorityEecution1" time="0.014" classname="TestNG.PriorityEecution"/>
  <testcase name="testPriorityEecution2" time="0.004" classname="TestNG.PriorityEecution"/>
  <testcase name="testPriorityEecution3" time="0.002" classname="TestNG.PriorityEecution"/>
</testsuite> <!-- TestNG.PriorityEecution -->
