<?xml version="1.0" encoding="UTF-8"?>
<!-- Generated by org.testng.reporters.JUnitReportReporter -->
<testsuite skipped="0" hostname="NavaTeja-PC" name="TestNG.DeleteCustomerTC_04" tests="1" failures="0" timestamp="18 Jan 2019 06:35:40 GMT" time="17.403" errors="0">
  <testcase name="testDeleteCustomerTC_04" time="17.403" classname="TestNG.DeleteCustomerTC_04"/>
</testsuite> <!-- TestNG.DeleteCustomerTC_04 -->
