<?xml version="1.0" encoding="UTF-8"?>
<!-- Generated by org.testng.reporters.JUnitReportReporter -->
<testsuite skipped="0" hostname="NavaTeja-PC" name="TestNG.CreateCustomerTC_02" tests="1" failures="0" timestamp="18 Jan 2019 06:35:40 GMT" time="21.410" errors="0">
  <testcase name="testCreateCustomerTC_02" time="21.410" classname="TestNG.CreateCustomerTC_02"/>
</testsuite> <!-- TestNG.CreateCustomerTC_02 -->
