<?xml version="1.0" encoding="UTF-8"?>
<!-- Generated by org.testng.reporters.JUnitReportReporter -->
<testsuite skipped="0" hostname="NavaTeja-PC" name="WebDriverTestScript.WDAddNewCustomer" tests="1" failures="0" timestamp="27 Jan 2019 09:18:15 GMT" time="8.095" errors="0">
  <testcase name="testWDAddNewCustomer" time="8.095" classname="WebDriverTestScript.WDAddNewCustomer"/>
</testsuite> <!-- WebDriverTestScript.WDAddNewCustomer -->
