<?xml version="1.0" encoding="UTF-8"?>
<!-- Generated by org.testng.reporters.JUnitReportReporter -->
<testsuite skipped="0" hostname="NavaTeja-PC" name="SuperTestScript.SubLogInLogOut" tests="1" failures="0" timestamp="22 Jan 2019 10:37:05 GMT" time="24.148" errors="0">
  <testcase name="testSubLogInLogOut" time="24.148" classname="SuperTestScript.SubLogInLogOut"/>
</testsuite> <!-- SuperTestScript.SubLogInLogOut -->
