<?xml version="1.0" encoding="UTF-8"?>
<!-- Generated by org.testng.reporters.JUnitReportReporter -->
<testsuite skipped="0" hostname="NavaTeja-PC" name="SuperTestScript.SubAddProject" tests="1" failures="0" timestamp="22 Jan 2019 10:56:32 GMT" time="5.726" errors="0">
  <testcase name="testSubAddProject" time="5.726" classname="SuperTestScript.SubAddProject"/>
</testsuite> <!-- SuperTestScript.SubAddProject -->
