<?xml version="1.0" encoding="UTF-8"?>
<!-- Generated by org.testng.reporters.JUnitReportReporter -->
<testsuite skipped="0" hostname="NavaTeja-PC" name="ValidOperationtestScript.VOLogInLogOut" tests="1" failures="0" timestamp="01 Feb 2019 05:24:29 GMT" time="6.085" errors="0">
  <testcase name="testVOLogInLogOut" time="6.085" classname="ValidOperationtestScript.VOLogInLogOut"/>
</testsuite> <!-- ValidOperationtestScript.VOLogInLogOut -->
