<?xml version="1.0" encoding="UTF-8"?>
<!-- Generated by org.testng.reporters.JUnitReportReporter -->
<testsuite skipped="0" hostname="NavaTeja-PC" name="WebDriverTestScript.WDDeleteCustomer" tests="1" failures="0" timestamp="27 Jan 2019 09:53:41 GMT" time="16.952" errors="0">
  <testcase name="testSubDeleteCust" time="16.952" classname="WebDriverTestScript.WDDeleteCustomer"/>
</testsuite> <!-- WebDriverTestScript.WDDeleteCustomer -->
