<?xml version="1.0" encoding="UTF-8"?>
<!-- Generated by org.testng.reporters.JUnitReportReporter -->
<testsuite skipped="0" hostname="NavaTeja-PC" name="TestNG.LogInLogOutTC_01" tests="1" failures="0" timestamp="18 Jan 2019 06:35:40 GMT" time="16.676" errors="0">
  <testcase name="testLogInLogOutTC_01" time="16.676" classname="TestNG.LogInLogOutTC_01"/>
</testsuite> <!-- TestNG.LogInLogOutTC_01 -->
