<?xml version="1.0" encoding="UTF-8"?>
<!-- Generated by org.testng.reporters.JUnitReportReporter -->
<testsuite skipped="0" hostname="NavaTeja-PC" name="SuperTestScript.SubAddNewCustomer" tests="1" failures="0" timestamp="22 Jan 2019 10:49:40 GMT" time="12.074" errors="0">
  <testcase name="testSubAddNewCustomer" time="12.074" classname="SuperTestScript.SubAddNewCustomer"/>
</testsuite> <!-- SuperTestScript.SubAddNewCustomer -->
