<?xml version="1.0" encoding="UTF-8"?>
<!-- Generated by org.testng.reporters.JUnitReportReporter -->
<testsuite skipped="0" hostname="NavaTeja-PC" name="TestNG.AddProjectToTheCustomerTC_03" tests="1" failures="0" timestamp="18 Jan 2019 06:35:40 GMT" time="11.563" errors="0">
  <testcase name="testAddProjectToTheCustomerTC_03" time="11.563" classname="TestNG.AddProjectToTheCustomerTC_03"/>
</testsuite> <!-- TestNG.AddProjectToTheCustomerTC_03 -->
