<?xml version="1.0" encoding="UTF-8"?>
<!-- Generated by org.testng.reporters.JUnitReportReporter -->
<testsuite skipped="0" hostname="NavaTeja-PC" name="SuperTestScript.SubDeleteCustomer" tests="1" failures="0" timestamp="22 Jan 2019 11:00:42 GMT" time="6.715" errors="0">
  <testcase name="testSubDeleteCust" time="6.715" classname="SuperTestScript.SubDeleteCustomer"/>
</testsuite> <!-- SuperTestScript.SubDeleteCustomer -->
